d:\ko-servers-to-test\gamesoft-koyardim\imguihook\gamesoft security\debug\vc140.pdb
d:\ko-servers-to-test\gamesoft-koyardim\imguihook\gamesoft security\debug\vc140.idb
d:\ko-servers-to-test\gamesoft-koyardim\imguihook\gamesoft security\debug\imgui.obj
d:\ko-servers-to-test\gamesoft-koyardim\imguihook\gamesoft security\debug\imgui_demo.obj
d:\ko-servers-to-test\gamesoft-koyardim\imguihook\gamesoft security\debug\imgui_draw.obj
d:\ko-servers-to-test\gamesoft-koyardim\imguihook\gamesoft security\debug\imgui_impl_dx9.obj
d:\ko-servers-to-test\gamesoft-koyardim\imguihook\gamesoft security\debug\imgui_impl_win32.obj
d:\ko-servers-to-test\gamesoft-koyardim\imguihook\gamesoft security\debug\imgui_widgets.obj
d:\ko-servers-to-test\gamesoft-koyardim\imguihook\gamesoft security\debug\md5.obj
d:\ko-servers-to-test\gamesoft-koyardim\imguihook\gamesoft security\debug\pearl engine.obj
d:\ko-servers-to-test\gamesoft-koyardim\imguihook\gamesoft security\debug\pearl.obj
d:\ko-servers-to-test\gamesoft-koyardim\imguihook\gamesoft security\debug\pearlgui.obj
d:\ko-servers-to-test\gamesoft-koyardim\imguihook\gamesoft security\debug\pl_processevent.obj
d:\ko-servers-to-test\gamesoft-koyardim\imguihook\gamesoft security\debug\splash.obj
d:\ko-servers-to-test\gamesoft-koyardim\imguihook\debug\pl.lib
d:\ko-servers-to-test\gamesoft-koyardim\imguihook\debug\pl.exp
d:\ko-servers-to-test\gamesoft-koyardim\imguihook\debug\pl.ilk
d:\ko-servers-to-test\gamesoft-koyardim\imguihook\debug\pl.ol
d:\ko-servers-to-test\gamesoft-koyardim\imguihook\debug\pl.pdb
d:\ko-servers-to-test\gamesoft-koyardim\imguihook\gamesoft security\debug\pearl guard.vcxproj.assemblyreference.cache
d:\ko-servers-to-test\gamesoft-koyardim\imguihook\gamesoft security\debug\gamesoftengine.tlog\cl.command.1.tlog
d:\ko-servers-to-test\gamesoft-koyardim\imguihook\gamesoft security\debug\gamesoftengine.tlog\cl.read.1.tlog
d:\ko-servers-to-test\gamesoft-koyardim\imguihook\gamesoft security\debug\gamesoftengine.tlog\cl.write.1.tlog
d:\ko-servers-to-test\gamesoft-koyardim\imguihook\gamesoft security\debug\gamesoftengine.tlog\gamesoftengine.write.1u.tlog
d:\ko-servers-to-test\gamesoft-koyardim\imguihook\gamesoft security\debug\gamesoftengine.tlog\link.command.1.tlog
d:\ko-servers-to-test\gamesoft-koyardim\imguihook\gamesoft security\debug\gamesoftengine.tlog\link.read.1.tlog
d:\ko-servers-to-test\gamesoft-koyardim\imguihook\gamesoft security\debug\gamesoftengine.tlog\link.write.1.tlog
