D:\GAMESOFTENGINE\V2SOURCE\SRC\GAMESOFT SECURITY\RELEASE\SPLASH.OBJ
D:\GAMESOFTENGINE\V2SOURCE\SRC\GAMESOFT SECURITY\RELEASE\PL_PROCESSEVENT.OBJ
D:\GAMESOFTENGINE\V2SOURCE\SRC\GAMESOFT SECURITY\RELEASE\PEARLGUI.OBJ
D:\GAMESOFTENGINE\V2SOURCE\SRC\GAMESOFT SECURITY\RELEASE\PEARL.OBJ
D:\GAMESOFTENGINE\V2SOURCE\SRC\GAMESOFT SECURITY\RELEASE\PEARL ENGINE.OBJ
D:\GAMESOFTENGINE\V2SOURCE\SRC\GAMESOFT SECURITY\RELEASE\MD5.OBJ
D:\GAMESOFTENGINE\V2SOURCE\SRC\GAMESOFT SECURITY\RELEASE\IMGUI_WIDGETS.OBJ
D:\GAMESOFTENGINE\V2SOURCE\SRC\GAMESOFT SECURITY\RELEASE\IMGUI_IMPL_WIN32.OBJ
D:\GAMESOFTENGINE\V2SOURCE\SRC\GAMESOFT SECURITY\RELEASE\IMGUI_IMPL_DX9.OBJ
D:\GAMESOFTENGINE\V2SOURCE\SRC\GAMESOFT SECURITY\RELEASE\IMGUI_DRAW.OBJ
D:\GAMESOFTENGINE\V2SOURCE\SRC\GAMESOFT SECURITY\RELEASE\IMGUI_DEMO.OBJ
D:\GAMESOFTENGINE\V2SOURCE\SRC\GAMESOFT SECURITY\RELEASE\IMGUI.OBJ
D:\GAMESOFTENGINE\V2SOURCE\SRC\GAMESOFT SECURITY\RELEASE\VC110.PDB
D:\GameSoftEngine\v2source\GameSoftEngine\gamesoft.lib
D:\GameSoftEngine\v2source\GameSoftEngine\gamesoft.exp
D:\GAMESOFTENGINE\V2SOURCE\GAMESOFTENGINE\GAMESOFT.XASM
D:\GameSoftEngine\v2source\Src\Gamesoft Security\Release\Pearl Guard.vcxprojAssemblyReference.cache
D:\GameSoftEngine\v2source\Src\Gamesoft Security\Release\imgui.obj
D:\GameSoftEngine\v2source\Src\Gamesoft Security\Release\imgui_demo.obj
D:\GameSoftEngine\v2source\Src\Gamesoft Security\Release\imgui_draw.obj
D:\GameSoftEngine\v2source\Src\Gamesoft Security\Release\imgui_impl_dx9.obj
D:\GameSoftEngine\v2source\Src\Gamesoft Security\Release\imgui_impl_win32.obj
D:\GameSoftEngine\v2source\Src\Gamesoft Security\Release\imgui_widgets.obj
D:\GameSoftEngine\v2source\Src\Gamesoft Security\Release\md5.obj
D:\GameSoftEngine\v2source\Src\Gamesoft Security\Release\Pearl Engine.obj
D:\GameSoftEngine\v2source\Src\Gamesoft Security\Release\Pearl.obj
D:\GameSoftEngine\v2source\Src\Gamesoft Security\Release\PearlGui.obj
D:\GameSoftEngine\v2source\Src\Gamesoft Security\Release\PL_ProcessEvent.obj
D:\GameSoftEngine\v2source\Src\Gamesoft Security\Release\Splash.obj
D:\GameSoftEngine\v2source\Src\Gamesoft Security\Release\cl.command.1.tlog
D:\GameSoftEngine\v2source\Src\Gamesoft Security\Release\CL.read.1.tlog
D:\GameSoftEngine\v2source\Src\Gamesoft Security\Release\CL.write.1.tlog
D:\GameSoftEngine\v2source\Src\Gamesoft Security\Release\GamesoftEngine.write.1.tlog
D:\GameSoftEngine\v2source\Src\Gamesoft Security\Release\link-cvtres.read.1.tlog
D:\GameSoftEngine\v2source\Src\Gamesoft Security\Release\link-cvtres.write.1.tlog
D:\GameSoftEngine\v2source\Src\Gamesoft Security\Release\link-rc.read.1.tlog
D:\GameSoftEngine\v2source\Src\Gamesoft Security\Release\link-rc.write.1.tlog
D:\GameSoftEngine\v2source\Src\Gamesoft Security\Release\link.command.1.tlog
D:\GameSoftEngine\v2source\Src\Gamesoft Security\Release\link.read.1.tlog
D:\GameSoftEngine\v2source\Src\Gamesoft Security\Release\link.write.1.tlog
D:\GameSoftEngine\v2source\Src\Gamesoft Security\Release\vc110.pdb
D:\GameSoftEngine\v2source\Src\Gamesoft Security\..\..\GameSoftEngine\gamesoft.xasm
